<?xml version="1.0" encoding="UTF-8"?>
<!-- Generated by org.testng.reporters.JUnitReportReporter -->
<testsuite skipped="0" hostname="dell-PC" name="XXLT.demoTest" tests="10" failures="0" timestamp="26 Jun 2019 08:20:54 GMT" time="0.031" errors="0">
  <testcase name="SMS" time="0.015" classname="XXLT.demoTest"/>
  <testcase name="SMS" time="0.002" classname="XXLT.demoTest"/>
  <testcase name="SMS" time="0.002" classname="XXLT.demoTest"/>
  <testcase name="SMS" time="0.002" classname="XXLT.demoTest"/>
  <testcase name="SMS" time="0.002" classname="XXLT.demoTest"/>
  <testcase name="SMS" time="0.001" classname="XXLT.demoTest"/>
  <testcase name="SMS" time="0.002" classname="XXLT.demoTest"/>
  <testcase name="SMS" time="0.001" classname="XXLT.demoTest"/>
  <testcase name="SMS" time="0.002" classname="XXLT.demoTest"/>
  <testcase name="SMS" time="0.002" classname="XXLT.demoTest"/>
</testsuite> <!-- XXLT.demoTest -->
