<?xml version="1.0" encoding="UTF-8"?>
<!-- Generated by org.testng.reporters.JUnitReportReporter -->
<testsuite skipped="0" hostname="dell-PC" name="XXLT.SampleDemo" tests="3" failures="0" timestamp="26 Jun 2019 08:29:48 GMT" time="0.026" errors="0">
  <testcase name="CreatAccount" time="0.022" classname="XXLT.SampleDemo"/>
  <testcase name="DeleteAcaunnt" time="0.002" classname="XXLT.SampleDemo"/>
  <testcase name="EditAccount" time="0.002" classname="XXLT.SampleDemo"/>
</testsuite> <!-- XXLT.SampleDemo -->
