<?xml version="1.0" encoding="UTF-8"?>
<!-- Generated by org.testng.reporters.JUnitReportReporter -->
<testsuite skipped="0" hostname="dell-PC" name="SecoandTest" tests="1" failures="0" timestamp="22 May 2019 08:09:29 GMT" time="0.001" errors="0">
  <testcase name="CaptuerScreen" time="0.001" classname="SecoandTest"/>
</testsuite> <!-- SecoandTest -->
