<?xml version="1.0" encoding="UTF-8"?>
<!-- Generated by org.testng.reporters.JUnitReportReporter -->
<testsuite skipped="0" hostname="dell-PC" name="FirstTest" tests="2" failures="0" timestamp="23 May 2019 07:09:50 GMT" time="0.017" errors="0">
  <testcase name="loginTest" time="0.002" classname="FirstTest"/>
  <testcase name="getTitle" time="0.015" classname="FirstTest"/>
</testsuite> <!-- FirstTest -->
